1..24
File: /Users/richmondwatkins/Documents/Code/ImageMagick-6.8.9-7/Magick++/demo//model.miff
  TopLeftColor     = 
  TopRightColor    = 
  BottomLeftColor  = 
  BottomRightColor = 
  filter:brightness:mean = 31077.3
  filter:brightness:standard-deviation = 14635.5
  filter:brightness:kurtosis = 0.657217
  filter:brightness:skewness = 1.34114
  filter:saturation:mean = 14031.6
  filter:saturation:standard-deviation = 8379.05
  filter:saturation:kurtosis = 0.631727
  filter:saturation:skewness = 1.03422
button: delegate library support not built-in `none' (Freetype) @ warning/annotate.c/RenderFreetype/1533.
button: delegate library support not built-in `none' (Freetype) @ warning/annotate.c/RenderFreetype/1533.
ok
PASS: Magick++/demo/demos.tap 1
Writing to "button_out.miff" ...
ok
PASS: Magick++/demo/demos.tap 2
Read images ...
Creating thumbnails...
  add noise ...
  add noise (blue) ...
demo: delegate library support not built-in `Helvetica' (Freetype) @ warning/annotate.c/RenderFreetype/1533.
demo: delegate library support not built-in `Helvetica' (Freetype) @ warning/annotate.c/RenderFreetype/1533.
  annotate ...
  blur ...
  blur red channel ...
  border ...
  channel ...
  charcoal ...
  composite ...
  contrast ...
  convolve ...
  crop ...
  despeckle ...
  draw ...
  edge ...
  emboss ...
  equalize ...
  explode ...
  flip ...
  flop ...
  frame ...
  gamma ...
  gaussian blur ...
  gaussian blur channel ...
  gradient ...
  grayscale ...
  implode ...
  level ...
  level red channel ...
  median filter ...
  modulate ...
  monochrome ...
  motion blur ...
  negate ...
  normalize ...
  oil paint ...
  ordered dither 2x2 ...
  ordered dither 3x3...
  ordered dither 4x4...
  ordered dither red 4x4...
  plasma ...
  quantize ...
  quantum operator ...
  raise ...
  reduce noise ...
  resize ...
  roll ...
  rotate ...
  scale ...
  segment ...
  shade ...
  sharpen ...
  shave ...
  shear ...
  spread ...
  solarize ...
  swirl ...
  threshold ...
  threshold random ...
  unsharp mask ...
  wave ...
demo: delegate library support not built-in `Helvetica' (Freetype) @ warning/annotate.c/RenderFreetype/1533.
demo: delegate library support not built-in `Helvetica' (Freetype) @ warning/annotate.c/RenderFreetype/1533.
demo: delegate library support not built-in `Helvetica' (Freetype) @ warning/annotate.c/RenderFreetype/1533.
demo: delegate library support not built-in `Helvetica' (Freetype) @ warning/annotate.c/RenderFreetype/1533.
demo: delegate library support not built-in `Helvetica' (Freetype) @ warning/annotate.c/RenderFreetype/1533.
demo: delegate library support not built-in `Helvetica' (Freetype) @ warning/annotate.c/RenderFreetype/1533.
demo: delegate library support not built-in `Helvetica' (Freetype) @ warning/annotate.c/RenderFreetype/1533.
demo: delegate library support not built-in `Helvetica' (Freetype) @ warning/annotate.c/RenderFreetype/1533.
demo: delegate library support not built-in `Helvetica' (Freetype) @ warning/annotate.c/RenderFreetype/1533.
demo: delegate library support not built-in `Helvetica' (Freetype) @ warning/annotate.c/RenderFreetype/1533.
demo: delegate library support not built-in `Helvetica' (Freetype) @ warning/annotate.c/RenderFreetype/1533.
demo: delegate library support not built-in `Helvetica' (Freetype) @ warning/annotate.c/RenderFreetype/1533.
demo: delegate library support not built-in `Helvetica' (Freetype) @ warning/annotate.c/RenderFreetype/1533.
demo: delegate library support not built-in `Helvetica' (Freetype) @ warning/annotate.c/RenderFreetype/1533.
demo: delegate library support not built-in `Helvetica' (Freetype) @ warning/annotate.c/RenderFreetype/1533.
demo: delegate library support not built-in `Helvetica' (Freetype) @ warning/annotate.c/RenderFreetype/1533.
demo: delegate library support not built-in `Helvetica' (Freetype) @ warning/annotate.c/RenderFreetype/1533.
demo: delegate library support not built-in `Helvetica' (Freetype) @ warning/annotate.c/RenderFreetype/1533.
demo: delegate library support not built-in `Helvetica' (Freetype) @ warning/annotate.c/RenderFreetype/1533.
demo: delegate library support not built-in `Helvetica' (Freetype) @ warning/annotate.c/RenderFreetype/1533.
demo: delegate library support not built-in `Helvetica' (Freetype) @ warning/annotate.c/RenderFreetype/1533.
demo: delegate library support not built-in `Helvetica' (Freetype) @ warning/annotate.c/RenderFreetype/1533.
demo: delegate library support not built-in `Helvetica' (Freetype) @ warning/annotate.c/RenderFreetype/1533.
demo: delegate library support not built-in `Helvetica' (Freetype) @ warning/annotate.c/RenderFreetype/1533.
demo: delegate library support not built-in `Helvetica' (Freetype) @ warning/annotate.c/RenderFreetype/1533.
demo: delegate library support not built-in `Helvetica' (Freetype) @ warning/annotate.c/RenderFreetype/1533.
demo: delegate library support not built-in `Helvetica' (Freetype) @ warning/annotate.c/RenderFreetype/1533.
demo: delegate library support not built-in `Helvetica' (Freetype) @ warning/annotate.c/RenderFreetype/1533.
demo: delegate library support not built-in `Helvetica' (Freetype) @ warning/annotate.c/RenderFreetype/1533.
demo: delegate library support not built-in `Helvetica' (Freetype) @ warning/annotate.c/RenderFreetype/1533.
demo: delegate library support not built-in `Helvetica' (Freetype) @ warning/annotate.c/RenderFreetype/1533.
demo: delegate library support not built-in `Helvetica' (Freetype) @ warning/annotate.c/RenderFreetype/1533.
demo: delegate library support not built-in `Helvetica' (Freetype) @ warning/annotate.c/RenderFreetype/1533.
demo: delegate library support not built-in `Helvetica' (Freetype) @ warning/annotate.c/RenderFreetype/1533.
demo: delegate library support not built-in `Helvetica' (Freetype) @ warning/annotate.c/RenderFreetype/1533.
demo: delegate library support not built-in `Helvetica' (Freetype) @ warning/annotate.c/RenderFreetype/1533.
demo: delegate library support not built-in `Helvetica' (Freetype) @ warning/annotate.c/RenderFreetype/1533.
demo: delegate library support not built-in `Helvetica' (Freetype) @ warning/annotate.c/RenderFreetype/1533.
demo: delegate library support not built-in `Helvetica' (Freetype) @ warning/annotate.c/RenderFreetype/1533.
demo: delegate library support not built-in `Helvetica' (Freetype) @ warning/annotate.c/RenderFreetype/1533.
demo: delegate library support not built-in `Helvetica' (Freetype) @ warning/annotate.c/RenderFreetype/1533.
demo: delegate library support not built-in `Helvetica' (Freetype) @ warning/annotate.c/RenderFreetype/1533.
demo: delegate library support not built-in `Helvetica' (Freetype) @ warning/annotate.c/RenderFreetype/1533.
demo: delegate library support not built-in `Helvetica' (Freetype) @ warning/annotate.c/RenderFreetype/1533.
demo: delegate library support not built-in `Helvetica' (Freetype) @ warning/annotate.c/RenderFreetype/1533.
demo: delegate library support not built-in `Helvetica' (Freetype) @ warning/annotate.c/RenderFreetype/1533.
demo: delegate library support not built-in `Helvetica' (Freetype) @ warning/annotate.c/RenderFreetype/1533.
demo: delegate library support not built-in `Helvetica' (Freetype) @ warning/annotate.c/RenderFreetype/1533.
demo: delegate library support not built-in `Helvetica' (Freetype) @ warning/annotate.c/RenderFreetype/1533.
demo: delegate library support not built-in `Helvetica' (Freetype) @ warning/annotate.c/RenderFreetype/1533.
demo: delegate library support not built-in `Helvetica' (Freetype) @ warning/annotate.c/RenderFreetype/1533.
demo: delegate library support not built-in `Helvetica' (Freetype) @ warning/annotate.c/RenderFreetype/1533.
demo: delegate library support not built-in `Helvetica' (Freetype) @ warning/annotate.c/RenderFreetype/1533.
demo: delegate library support not built-in `Helvetica' (Freetype) @ warning/annotate.c/RenderFreetype/1533.
demo: delegate library support not built-in `Helvetica' (Freetype) @ warning/annotate.c/RenderFreetype/1533.
demo: delegate library support not built-in `Helvetica' (Freetype) @ warning/annotate.c/RenderFreetype/1533.
demo: delegate library support not built-in `Helvetica' (Freetype) @ warning/annotate.c/RenderFreetype/1533.
demo: delegate library support not built-in `Helvetica' (Freetype) @ warning/annotate.c/RenderFreetype/1533.
demo: delegate library support not built-in `Helvetica' (Freetype) @ warning/annotate.c/RenderFreetype/1533.
demo: delegate library support not built-in `Helvetica' (Freetype) @ warning/annotate.c/RenderFreetype/1533.
demo: delegate library support not built-in `Helvetica' (Freetype) @ warning/annotate.c/RenderFreetype/1533.
demo: delegate library support not built-in `Helvetica' (Freetype) @ warning/annotate.c/RenderFreetype/1533.
demo: delegate library support not built-in `Helvetica' (Freetype) @ warning/annotate.c/RenderFreetype/1533.
demo: delegate library support not built-in `Helvetica' (Freetype) @ warning/annotate.c/RenderFreetype/1533.
demo: delegate library support not built-in `Helvetica' (Freetype) @ warning/annotate.c/RenderFreetype/1533.
demo: delegate library support not built-in `Helvetica' (Freetype) @ warning/annotate.c/RenderFreetype/1533.
demo: delegate library support not built-in `Helvetica' (Freetype) @ warning/annotate.c/RenderFreetype/1533.
demo: delegate library support not built-in `Helvetica' (Freetype) @ warning/annotate.c/RenderFreetype/1533.
demo: delegate library support not built-in `Helvetica' (Freetype) @ warning/annotate.c/RenderFreetype/1533.
demo: delegate library support not built-in `Helvetica' (Freetype) @ warning/annotate.c/RenderFreetype/1533.
demo: delegate library support not built-in `Helvetica' (Freetype) @ warning/annotate.c/RenderFreetype/1533.
demo: delegate library support not built-in `Helvetica' (Freetype) @ warning/annotate.c/RenderFreetype/1533.
demo: delegate library support not built-in `Helvetica' (Freetype) @ warning/annotate.c/RenderFreetype/1533.
demo: delegate library support not built-in `Helvetica' (Freetype) @ warning/annotate.c/RenderFreetype/1533.
demo: delegate library support not built-in `Helvetica' (Freetype) @ warning/annotate.c/RenderFreetype/1533.
demo: delegate library support not built-in `Helvetica' (Freetype) @ warning/annotate.c/RenderFreetype/1533.
demo: delegate library support not built-in `Helvetica' (Freetype) @ warning/annotate.c/RenderFreetype/1533.
demo: delegate library support not built-in `Helvetica' (Freetype) @ warning/annotate.c/RenderFreetype/1533.
demo: delegate library support not built-in `Helvetica' (Freetype) @ warning/annotate.c/RenderFreetype/1533.
demo: delegate library support not built-in `Helvetica' (Freetype) @ warning/annotate.c/RenderFreetype/1533.
demo: delegate library support not built-in `Helvetica' (Freetype) @ warning/annotate.c/RenderFreetype/1533.
demo: delegate library support not built-in `Helvetica' (Freetype) @ warning/annotate.c/RenderFreetype/1533.
demo: delegate library support not built-in `Helvetica' (Freetype) @ warning/annotate.c/RenderFreetype/1533.
demo: delegate library support not built-in `Helvetica' (Freetype) @ warning/annotate.c/RenderFreetype/1533.
demo: delegate library support not built-in `Helvetica' (Freetype) @ warning/annotate.c/RenderFreetype/1533.
demo: delegate library support not built-in `Helvetica' (Freetype) @ warning/annotate.c/RenderFreetype/1533.
demo: delegate library support not built-in `Helvetica' (Freetype) @ warning/annotate.c/RenderFreetype/1533.
demo: delegate library support not built-in `Helvetica' (Freetype) @ warning/annotate.c/RenderFreetype/1533.
demo: delegate library support not built-in `Helvetica' (Freetype) @ warning/annotate.c/RenderFreetype/1533.
demo: delegate library support not built-in `Helvetica' (Freetype) @ warning/annotate.c/RenderFreetype/1533.
demo: delegate library support not built-in `Helvetica' (Freetype) @ warning/annotate.c/RenderFreetype/1533.
demo: delegate library support not built-in `Helvetica' (Freetype) @ warning/annotate.c/RenderFreetype/1533.
demo: delegate library support not built-in `Helvetica' (Freetype) @ warning/annotate.c/RenderFreetype/1533.
demo: delegate library support not built-in `Helvetica' (Freetype) @ warning/annotate.c/RenderFreetype/1533.
demo: delegate library support not built-in `Helvetica' (Freetype) @ warning/annotate.c/RenderFreetype/1533.
demo: delegate library support not built-in `Helvetica' (Freetype) @ warning/annotate.c/RenderFreetype/1533.
demo: delegate library support not built-in `Helvetica' (Freetype) @ warning/annotate.c/RenderFreetype/1533.
demo: delegate library support not built-in `Helvetica' (Freetype) @ warning/annotate.c/RenderFreetype/1533.
demo: delegate library support not built-in `Helvetica' (Freetype) @ warning/annotate.c/RenderFreetype/1533.
demo: delegate library support not built-in `Helvetica' (Freetype) @ warning/annotate.c/RenderFreetype/1533.
demo: delegate library support not built-in `Helvetica' (Freetype) @ warning/annotate.c/RenderFreetype/1533.
demo: delegate library support not built-in `Helvetica' (Freetype) @ warning/annotate.c/RenderFreetype/1533.
demo: delegate library support not built-in `Helvetica' (Freetype) @ warning/annotate.c/RenderFreetype/1533.
demo: delegate library support not built-in `Helvetica' (Freetype) @ warning/annotate.c/RenderFreetype/1533.
demo: delegate library support not built-in `Helvetica' (Freetype) @ warning/annotate.c/RenderFreetype/1533.
demo: delegate library support not built-in `Helvetica' (Freetype) @ warning/annotate.c/RenderFreetype/1533.
demo: delegate library support not built-in `Helvetica' (Freetype) @ warning/annotate.c/RenderFreetype/1533.
demo: delegate library support not built-in `Helvetica' (Freetype) @ warning/annotate.c/RenderFreetype/1533.
demo: delegate library support not built-in `Helvetica' (Freetype) @ warning/annotate.c/RenderFreetype/1533.
demo: delegate library support not built-in `Helvetica' (Freetype) @ warning/annotate.c/RenderFreetype/1533.
demo: delegate library support not built-in `Helvetica' (Freetype) @ warning/annotate.c/RenderFreetype/1533.
demo: delegate library support not built-in `Helvetica' (Freetype) @ warning/annotate.c/RenderFreetype/1533.
demo: delegate library support not built-in `Helvetica' (Freetype) @ warning/annotate.c/RenderFreetype/1533.
demo: delegate library support not built-in `Helvetica' (Freetype) @ warning/annotate.c/RenderFreetype/1533.
demo: delegate library support not built-in `Helvetica' (Freetype) @ warning/annotate.c/RenderFreetype/1533.
demo: delegate library support not built-in `Helvetica' (Freetype) @ warning/annotate.c/RenderFreetype/1533.
demo: delegate library support not built-in `Helvetica' (Freetype) @ warning/annotate.c/RenderFreetype/1533.
demo: delegate library support not built-in `Helvetica' (Freetype) @ warning/annotate.c/RenderFreetype/1533.
demo: delegate library support not built-in `Helvetica' (Freetype) @ warning/annotate.c/RenderFreetype/1533.
demo: delegate library support not built-in `Helvetica' (Freetype) @ warning/annotate.c/RenderFreetype/1533.
demo: delegate library support not built-in `Helvetica' (Freetype) @ warning/annotate.c/RenderFreetype/1533.
demo: delegate library support not built-in `Helvetica' (Freetype) @ warning/annotate.c/RenderFreetype/1533.
demo: delegate library support not built-in `Helvetica' (Freetype) @ warning/annotate.c/RenderFreetype/1533.
Montage images...
Adding logo image ...
Writing image "demo_out.miff" ...
ok
PASS: Magick++/demo/demos.tap 3
Writing image "flip_out.miff" ...
ok
PASS: Magick++/demo/demos.tap 4
gravity: delegate library support not built-in `none' (Freetype) @ warning/annotate.c/RenderFreetype/1533.
gravity: delegate library support not built-in `none' (Freetype) @ warning/annotate.c/RenderFreetype/1533.
gravity: delegate library support not built-in `none' (Freetype) @ warning/annotate.c/RenderFreetype/1533.
gravity: delegate library support not built-in `none' (Freetype) @ warning/annotate.c/RenderFreetype/1533.
gravity: delegate library support not built-in `none' (Freetype) @ warning/annotate.c/RenderFreetype/1533.
gravity: delegate library support not built-in `none' (Freetype) @ warning/annotate.c/RenderFreetype/1533.
gravity: delegate library support not built-in `none' (Freetype) @ warning/annotate.c/RenderFreetype/1533.
gravity: delegate library support not built-in `none' (Freetype) @ warning/annotate.c/RenderFreetype/1533.
gravity: delegate library support not built-in `none' (Freetype) @ warning/annotate.c/RenderFreetype/1533.
gravity: delegate library support not built-in `none' (Freetype) @ warning/annotate.c/RenderFreetype/1533.
gravity: delegate library support not built-in `none' (Freetype) @ warning/annotate.c/RenderFreetype/1533.
gravity: delegate library support not built-in `none' (Freetype) @ warning/annotate.c/RenderFreetype/1533.
gravity: delegate library support not built-in `none' (Freetype) @ warning/annotate.c/RenderFreetype/1533.
gravity: delegate library support not built-in `none' (Freetype) @ warning/annotate.c/RenderFreetype/1533.
gravity: delegate library support not built-in `none' (Freetype) @ warning/annotate.c/RenderFreetype/1533.
gravity: delegate library support not built-in `none' (Freetype) @ warning/annotate.c/RenderFreetype/1533.
gravity: delegate library support not built-in `none' (Freetype) @ warning/annotate.c/RenderFreetype/1533.
gravity: delegate library support not built-in `none' (Freetype) @ warning/annotate.c/RenderFreetype/1533.
angle 0
gravity: delegate library support not built-in `none' (Freetype) @ warning/annotate.c/RenderFreetype/1533.
gravity: delegate library support not built-in `none' (Freetype) @ warning/annotate.c/RenderFreetype/1533.
gravity: delegate library support not built-in `none' (Freetype) @ warning/annotate.c/RenderFreetype/1533.
gravity: delegate library support not built-in `none' (Freetype) @ warning/annotate.c/RenderFreetype/1533.
gravity: delegate library support not built-in `none' (Freetype) @ warning/annotate.c/RenderFreetype/1533.
gravity: delegate library support not built-in `none' (Freetype) @ warning/annotate.c/RenderFreetype/1533.
gravity: delegate library support not built-in `none' (Freetype) @ warning/annotate.c/RenderFreetype/1533.
gravity: delegate library support not built-in `none' (Freetype) @ warning/annotate.c/RenderFreetype/1533.
gravity: delegate library support not built-in `none' (Freetype) @ warning/annotate.c/RenderFreetype/1533.
gravity: delegate library support not built-in `none' (Freetype) @ warning/annotate.c/RenderFreetype/1533.
gravity: delegate library support not built-in `none' (Freetype) @ warning/annotate.c/RenderFreetype/1533.
gravity: delegate library support not built-in `none' (Freetype) @ warning/annotate.c/RenderFreetype/1533.
gravity: delegate library support not built-in `none' (Freetype) @ warning/annotate.c/RenderFreetype/1533.
gravity: delegate library support not built-in `none' (Freetype) @ warning/annotate.c/RenderFreetype/1533.
gravity: delegate library support not built-in `none' (Freetype) @ warning/annotate.c/RenderFreetype/1533.
gravity: delegate library support not built-in `none' (Freetype) @ warning/annotate.c/RenderFreetype/1533.
gravity: delegate library support not built-in `none' (Freetype) @ warning/annotate.c/RenderFreetype/1533.
gravity: delegate library support not built-in `none' (Freetype) @ warning/annotate.c/RenderFreetype/1533.
angle 30
gravity: delegate library support not built-in `none' (Freetype) @ warning/annotate.c/RenderFreetype/1533.
gravity: delegate library support not built-in `none' (Freetype) @ warning/annotate.c/RenderFreetype/1533.
gravity: delegate library support not built-in `none' (Freetype) @ warning/annotate.c/RenderFreetype/1533.
gravity: delegate library support not built-in `none' (Freetype) @ warning/annotate.c/RenderFreetype/1533.
gravity: delegate library support not built-in `none' (Freetype) @ warning/annotate.c/RenderFreetype/1533.
gravity: delegate library support not built-in `none' (Freetype) @ warning/annotate.c/RenderFreetype/1533.
gravity: delegate library support not built-in `none' (Freetype) @ warning/annotate.c/RenderFreetype/1533.
gravity: delegate library support not built-in `none' (Freetype) @ warning/annotate.c/RenderFreetype/1533.
gravity: delegate library support not built-in `none' (Freetype) @ warning/annotate.c/RenderFreetype/1533.
gravity: delegate library support not built-in `none' (Freetype) @ warning/annotate.c/RenderFreetype/1533.
gravity: delegate library support not built-in `none' (Freetype) @ warning/annotate.c/RenderFreetype/1533.
gravity: delegate library support not built-in `none' (Freetype) @ warning/annotate.c/RenderFreetype/1533.
gravity: delegate library support not built-in `none' (Freetype) @ warning/annotate.c/RenderFreetype/1533.
gravity: delegate library support not built-in `none' (Freetype) @ warning/annotate.c/RenderFreetype/1533.
gravity: delegate library support not built-in `none' (Freetype) @ warning/annotate.c/RenderFreetype/1533.
gravity: delegate library support not built-in `none' (Freetype) @ warning/annotate.c/RenderFreetype/1533.
gravity: delegate library support not built-in `none' (Freetype) @ warning/annotate.c/RenderFreetype/1533.
gravity: delegate library support not built-in `none' (Freetype) @ warning/annotate.c/RenderFreetype/1533.
angle 60
gravity: delegate library support not built-in `none' (Freetype) @ warning/annotate.c/RenderFreetype/1533.
gravity: delegate library support not built-in `none' (Freetype) @ warning/annotate.c/RenderFreetype/1533.
gravity: delegate library support not built-in `none' (Freetype) @ warning/annotate.c/RenderFreetype/1533.
gravity: delegate library support not built-in `none' (Freetype) @ warning/annotate.c/RenderFreetype/1533.
gravity: delegate library support not built-in `none' (Freetype) @ warning/annotate.c/RenderFreetype/1533.
gravity: delegate library support not built-in `none' (Freetype) @ warning/annotate.c/RenderFreetype/1533.
gravity: delegate library support not built-in `none' (Freetype) @ warning/annotate.c/RenderFreetype/1533.
gravity: delegate library support not built-in `none' (Freetype) @ warning/annotate.c/RenderFreetype/1533.
gravity: delegate library support not built-in `none' (Freetype) @ warning/annotate.c/RenderFreetype/1533.
gravity: delegate library support not built-in `none' (Freetype) @ warning/annotate.c/RenderFreetype/1533.
gravity: delegate library support not built-in `none' (Freetype) @ warning/annotate.c/RenderFreetype/1533.
gravity: delegate library support not built-in `none' (Freetype) @ warning/annotate.c/RenderFreetype/1533.
gravity: delegate library support not built-in `none' (Freetype) @ warning/annotate.c/RenderFreetype/1533.
gravity: delegate library support not built-in `none' (Freetype) @ warning/annotate.c/RenderFreetype/1533.
gravity: delegate library support not built-in `none' (Freetype) @ warning/annotate.c/RenderFreetype/1533.
gravity: delegate library support not built-in `none' (Freetype) @ warning/annotate.c/RenderFreetype/1533.
gravity: delegate library support not built-in `none' (Freetype) @ warning/annotate.c/RenderFreetype/1533.
gravity: delegate library support not built-in `none' (Freetype) @ warning/annotate.c/RenderFreetype/1533.
angle 90
gravity: delegate library support not built-in `none' (Freetype) @ warning/annotate.c/RenderFreetype/1533.
gravity: delegate library support not built-in `none' (Freetype) @ warning/annotate.c/RenderFreetype/1533.
gravity: delegate library support not built-in `none' (Freetype) @ warning/annotate.c/RenderFreetype/1533.
gravity: delegate library support not built-in `none' (Freetype) @ warning/annotate.c/RenderFreetype/1533.
gravity: delegate library support not built-in `none' (Freetype) @ warning/annotate.c/RenderFreetype/1533.
gravity: delegate library support not built-in `none' (Freetype) @ warning/annotate.c/RenderFreetype/1533.
gravity: delegate library support not built-in `none' (Freetype) @ warning/annotate.c/RenderFreetype/1533.
gravity: delegate library support not built-in `none' (Freetype) @ warning/annotate.c/RenderFreetype/1533.
gravity: delegate library support not built-in `none' (Freetype) @ warning/annotate.c/RenderFreetype/1533.
gravity: delegate library support not built-in `none' (Freetype) @ warning/annotate.c/RenderFreetype/1533.
gravity: delegate library support not built-in `none' (Freetype) @ warning/annotate.c/RenderFreetype/1533.
gravity: delegate library support not built-in `none' (Freetype) @ warning/annotate.c/RenderFreetype/1533.
gravity: delegate library support not built-in `none' (Freetype) @ warning/annotate.c/RenderFreetype/1533.
gravity: delegate library support not built-in `none' (Freetype) @ warning/annotate.c/RenderFreetype/1533.
gravity: delegate library support not built-in `none' (Freetype) @ warning/annotate.c/RenderFreetype/1533.
gravity: delegate library support not built-in `none' (Freetype) @ warning/annotate.c/RenderFreetype/1533.
gravity: delegate library support not built-in `none' (Freetype) @ warning/annotate.c/RenderFreetype/1533.
gravity: delegate library support not built-in `none' (Freetype) @ warning/annotate.c/RenderFreetype/1533.
angle 120
gravity: delegate library support not built-in `none' (Freetype) @ warning/annotate.c/RenderFreetype/1533.
gravity: delegate library support not built-in `none' (Freetype) @ warning/annotate.c/RenderFreetype/1533.
gravity: delegate library support not built-in `none' (Freetype) @ warning/annotate.c/RenderFreetype/1533.
gravity: delegate library support not built-in `none' (Freetype) @ warning/annotate.c/RenderFreetype/1533.
gravity: delegate library support not built-in `none' (Freetype) @ warning/annotate.c/RenderFreetype/1533.
gravity: delegate library support not built-in `none' (Freetype) @ warning/annotate.c/RenderFreetype/1533.
gravity: delegate library support not built-in `none' (Freetype) @ warning/annotate.c/RenderFreetype/1533.
gravity: delegate library support not built-in `none' (Freetype) @ warning/annotate.c/RenderFreetype/1533.
gravity: delegate library support not built-in `none' (Freetype) @ warning/annotate.c/RenderFreetype/1533.
gravity: delegate library support not built-in `none' (Freetype) @ warning/annotate.c/RenderFreetype/1533.
gravity: delegate library support not built-in `none' (Freetype) @ warning/annotate.c/RenderFreetype/1533.
gravity: delegate library support not built-in `none' (Freetype) @ warning/annotate.c/RenderFreetype/1533.
gravity: delegate library support not built-in `none' (Freetype) @ warning/annotate.c/RenderFreetype/1533.
gravity: delegate library support not built-in `none' (Freetype) @ warning/annotate.c/RenderFreetype/1533.
gravity: delegate library support not built-in `none' (Freetype) @ warning/annotate.c/RenderFreetype/1533.
gravity: delegate library support not built-in `none' (Freetype) @ warning/annotate.c/RenderFreetype/1533.
gravity: delegate library support not built-in `none' (Freetype) @ warning/annotate.c/RenderFreetype/1533.
gravity: delegate library support not built-in `none' (Freetype) @ warning/annotate.c/RenderFreetype/1533.
angle 150
gravity: delegate library support not built-in `none' (Freetype) @ warning/annotate.c/RenderFreetype/1533.
gravity: delegate library support not built-in `none' (Freetype) @ warning/annotate.c/RenderFreetype/1533.
gravity: delegate library support not built-in `none' (Freetype) @ warning/annotate.c/RenderFreetype/1533.
gravity: delegate library support not built-in `none' (Freetype) @ warning/annotate.c/RenderFreetype/1533.
gravity: delegate library support not built-in `none' (Freetype) @ warning/annotate.c/RenderFreetype/1533.
gravity: delegate library support not built-in `none' (Freetype) @ warning/annotate.c/RenderFreetype/1533.
gravity: delegate library support not built-in `none' (Freetype) @ warning/annotate.c/RenderFreetype/1533.
gravity: delegate library support not built-in `none' (Freetype) @ warning/annotate.c/RenderFreetype/1533.
gravity: delegate library support not built-in `none' (Freetype) @ warning/annotate.c/RenderFreetype/1533.
gravity: delegate library support not built-in `none' (Freetype) @ warning/annotate.c/RenderFreetype/1533.
gravity: delegate library support not built-in `none' (Freetype) @ warning/annotate.c/RenderFreetype/1533.
gravity: delegate library support not built-in `none' (Freetype) @ warning/annotate.c/RenderFreetype/1533.
gravity: delegate library support not built-in `none' (Freetype) @ warning/annotate.c/RenderFreetype/1533.
gravity: delegate library support not built-in `none' (Freetype) @ warning/annotate.c/RenderFreetype/1533.
gravity: delegate library support not built-in `none' (Freetype) @ warning/annotate.c/RenderFreetype/1533.
gravity: delegate library support not built-in `none' (Freetype) @ warning/annotate.c/RenderFreetype/1533.
gravity: delegate library support not built-in `none' (Freetype) @ warning/annotate.c/RenderFreetype/1533.
gravity: delegate library support not built-in `none' (Freetype) @ warning/annotate.c/RenderFreetype/1533.
angle 180
gravity: delegate library support not built-in `none' (Freetype) @ warning/annotate.c/RenderFreetype/1533.
gravity: delegate library support not built-in `none' (Freetype) @ warning/annotate.c/RenderFreetype/1533.
gravity: delegate library support not built-in `none' (Freetype) @ warning/annotate.c/RenderFreetype/1533.
gravity: delegate library support not built-in `none' (Freetype) @ warning/annotate.c/RenderFreetype/1533.
gravity: delegate library support not built-in `none' (Freetype) @ warning/annotate.c/RenderFreetype/1533.
gravity: delegate library support not built-in `none' (Freetype) @ warning/annotate.c/RenderFreetype/1533.
gravity: delegate library support not built-in `none' (Freetype) @ warning/annotate.c/RenderFreetype/1533.
gravity: delegate library support not built-in `none' (Freetype) @ warning/annotate.c/RenderFreetype/1533.
gravity: delegate library support not built-in `none' (Freetype) @ warning/annotate.c/RenderFreetype/1533.
gravity: delegate library support not built-in `none' (Freetype) @ warning/annotate.c/RenderFreetype/1533.
gravity: delegate library support not built-in `none' (Freetype) @ warning/annotate.c/RenderFreetype/1533.
gravity: delegate library support not built-in `none' (Freetype) @ warning/annotate.c/RenderFreetype/1533.
gravity: delegate library support not built-in `none' (Freetype) @ warning/annotate.c/RenderFreetype/1533.
gravity: delegate library support not built-in `none' (Freetype) @ warning/annotate.c/RenderFreetype/1533.
gravity: delegate library support not built-in `none' (Freetype) @ warning/annotate.c/RenderFreetype/1533.
gravity: delegate library support not built-in `none' (Freetype) @ warning/annotate.c/RenderFreetype/1533.
gravity: delegate library support not built-in `none' (Freetype) @ warning/annotate.c/RenderFreetype/1533.
gravity: delegate library support not built-in `none' (Freetype) @ warning/annotate.c/RenderFreetype/1533.
angle 210
gravity: delegate library support not built-in `none' (Freetype) @ warning/annotate.c/RenderFreetype/1533.
gravity: delegate library support not built-in `none' (Freetype) @ warning/annotate.c/RenderFreetype/1533.
gravity: delegate library support not built-in `none' (Freetype) @ warning/annotate.c/RenderFreetype/1533.
gravity: delegate library support not built-in `none' (Freetype) @ warning/annotate.c/RenderFreetype/1533.
gravity: delegate library support not built-in `none' (Freetype) @ warning/annotate.c/RenderFreetype/1533.
gravity: delegate library support not built-in `none' (Freetype) @ warning/annotate.c/RenderFreetype/1533.
gravity: delegate library support not built-in `none' (Freetype) @ warning/annotate.c/RenderFreetype/1533.
gravity: delegate library support not built-in `none' (Freetype) @ warning/annotate.c/RenderFreetype/1533.
gravity: delegate library support not built-in `none' (Freetype) @ warning/annotate.c/RenderFreetype/1533.
gravity: delegate library support not built-in `none' (Freetype) @ warning/annotate.c/RenderFreetype/1533.
gravity: delegate library support not built-in `none' (Freetype) @ warning/annotate.c/RenderFreetype/1533.
gravity: delegate library support not built-in `none' (Freetype) @ warning/annotate.c/RenderFreetype/1533.
gravity: delegate library support not built-in `none' (Freetype) @ warning/annotate.c/RenderFreetype/1533.
gravity: delegate library support not built-in `none' (Freetype) @ warning/annotate.c/RenderFreetype/1533.
gravity: delegate library support not built-in `none' (Freetype) @ warning/annotate.c/RenderFreetype/1533.
gravity: delegate library support not built-in `none' (Freetype) @ warning/annotate.c/RenderFreetype/1533.
gravity: delegate library support not built-in `none' (Freetype) @ warning/annotate.c/RenderFreetype/1533.
gravity: delegate library support not built-in `none' (Freetype) @ warning/annotate.c/RenderFreetype/1533.
angle 240
gravity: delegate library support not built-in `none' (Freetype) @ warning/annotate.c/RenderFreetype/1533.
gravity: delegate library support not built-in `none' (Freetype) @ warning/annotate.c/RenderFreetype/1533.
gravity: delegate library support not built-in `none' (Freetype) @ warning/annotate.c/RenderFreetype/1533.
gravity: delegate library support not built-in `none' (Freetype) @ warning/annotate.c/RenderFreetype/1533.
gravity: delegate library support not built-in `none' (Freetype) @ warning/annotate.c/RenderFreetype/1533.
gravity: delegate library support not built-in `none' (Freetype) @ warning/annotate.c/RenderFreetype/1533.
gravity: delegate library support not built-in `none' (Freetype) @ warning/annotate.c/RenderFreetype/1533.
gravity: delegate library support not built-in `none' (Freetype) @ warning/annotate.c/RenderFreetype/1533.
gravity: delegate library support not built-in `none' (Freetype) @ warning/annotate.c/RenderFreetype/1533.
gravity: delegate library support not built-in `none' (Freetype) @ warning/annotate.c/RenderFreetype/1533.
gravity: delegate library support not built-in `none' (Freetype) @ warning/annotate.c/RenderFreetype/1533.
gravity: delegate library support not built-in `none' (Freetype) @ warning/annotate.c/RenderFreetype/1533.
gravity: delegate library support not built-in `none' (Freetype) @ warning/annotate.c/RenderFreetype/1533.
gravity: delegate library support not built-in `none' (Freetype) @ warning/annotate.c/RenderFreetype/1533.
gravity: delegate library support not built-in `none' (Freetype) @ warning/annotate.c/RenderFreetype/1533.
gravity: delegate library support not built-in `none' (Freetype) @ warning/annotate.c/RenderFreetype/1533.
gravity: delegate library support not built-in `none' (Freetype) @ warning/annotate.c/RenderFreetype/1533.
gravity: delegate library support not built-in `none' (Freetype) @ warning/annotate.c/RenderFreetype/1533.
angle 270
gravity: delegate library support not built-in `none' (Freetype) @ warning/annotate.c/RenderFreetype/1533.
gravity: delegate library support not built-in `none' (Freetype) @ warning/annotate.c/RenderFreetype/1533.
gravity: delegate library support not built-in `none' (Freetype) @ warning/annotate.c/RenderFreetype/1533.
gravity: delegate library support not built-in `none' (Freetype) @ warning/annotate.c/RenderFreetype/1533.
gravity: delegate library support not built-in `none' (Freetype) @ warning/annotate.c/RenderFreetype/1533.
gravity: delegate library support not built-in `none' (Freetype) @ warning/annotate.c/RenderFreetype/1533.
gravity: delegate library support not built-in `none' (Freetype) @ warning/annotate.c/RenderFreetype/1533.
gravity: delegate library support not built-in `none' (Freetype) @ warning/annotate.c/RenderFreetype/1533.
gravity: delegate library support not built-in `none' (Freetype) @ warning/annotate.c/RenderFreetype/1533.
gravity: delegate library support not built-in `none' (Freetype) @ warning/annotate.c/RenderFreetype/1533.
gravity: delegate library support not built-in `none' (Freetype) @ warning/annotate.c/RenderFreetype/1533.
gravity: delegate library support not built-in `none' (Freetype) @ warning/annotate.c/RenderFreetype/1533.
gravity: delegate library support not built-in `none' (Freetype) @ warning/annotate.c/RenderFreetype/1533.
gravity: delegate library support not built-in `none' (Freetype) @ warning/annotate.c/RenderFreetype/1533.
gravity: delegate library support not built-in `none' (Freetype) @ warning/annotate.c/RenderFreetype/1533.
gravity: delegate library support not built-in `none' (Freetype) @ warning/annotate.c/RenderFreetype/1533.
gravity: delegate library support not built-in `none' (Freetype) @ warning/annotate.c/RenderFreetype/1533.
gravity: delegate library support not built-in `none' (Freetype) @ warning/annotate.c/RenderFreetype/1533.
angle 300
gravity: delegate library support not built-in `none' (Freetype) @ warning/annotate.c/RenderFreetype/1533.
gravity: delegate library support not built-in `none' (Freetype) @ warning/annotate.c/RenderFreetype/1533.
gravity: delegate library support not built-in `none' (Freetype) @ warning/annotate.c/RenderFreetype/1533.
gravity: delegate library support not built-in `none' (Freetype) @ warning/annotate.c/RenderFreetype/1533.
gravity: delegate library support not built-in `none' (Freetype) @ warning/annotate.c/RenderFreetype/1533.
gravity: delegate library support not built-in `none' (Freetype) @ warning/annotate.c/RenderFreetype/1533.
gravity: delegate library support not built-in `none' (Freetype) @ warning/annotate.c/RenderFreetype/1533.
gravity: delegate library support not built-in `none' (Freetype) @ warning/annotate.c/RenderFreetype/1533.
gravity: delegate library support not built-in `none' (Freetype) @ warning/annotate.c/RenderFreetype/1533.
gravity: delegate library support not built-in `none' (Freetype) @ warning/annotate.c/RenderFreetype/1533.
gravity: delegate library support not built-in `none' (Freetype) @ warning/annotate.c/RenderFreetype/1533.
gravity: delegate library support not built-in `none' (Freetype) @ warning/annotate.c/RenderFreetype/1533.
gravity: delegate library support not built-in `none' (Freetype) @ warning/annotate.c/RenderFreetype/1533.
gravity: delegate library support not built-in `none' (Freetype) @ warning/annotate.c/RenderFreetype/1533.
gravity: delegate library support not built-in `none' (Freetype) @ warning/annotate.c/RenderFreetype/1533.
gravity: delegate library support not built-in `none' (Freetype) @ warning/annotate.c/RenderFreetype/1533.
gravity: delegate library support not built-in `none' (Freetype) @ warning/annotate.c/RenderFreetype/1533.
gravity: delegate library support not built-in `none' (Freetype) @ warning/annotate.c/RenderFreetype/1533.
angle 330
Writing image "gravity_out.miff" ...
piddle: delegate library support not built-in `none' (Freetype) @ warning/annotate.c/RenderFreetype/1533.
piddle: delegate library support not built-in `none' (Freetype) @ warning/annotate.c/RenderFreetype/1533.
ok
PASS: Magick++/demo/demos.tap 5
Caught exception: piddle: non-conforming drawing primitive definition `text' @ error/draw.c/DrawImage/3192
shapes: delegate library support not built-in `none' (Freetype) @ warning/annotate.c/RenderFreetype/1533.
shapes: delegate library support not built-in `none' (Freetype) @ warning/annotate.c/RenderFreetype/1533.
shapes: delegate library support not built-in `none' (Freetype) @ warning/annotate.c/RenderFreetype/1533.
shapes: delegate library support not built-in `none' (Freetype) @ warning/annotate.c/RenderFreetype/1533.
shapes: delegate library support not built-in `none' (Freetype) @ warning/annotate.c/RenderFreetype/1533.
shapes: delegate library support not built-in `none' (Freetype) @ warning/annotate.c/RenderFreetype/1533.
not ok
FAIL: Magick++/demo/demos.tap 6
Writing image "shapes_out.miff" ...
ok
PASS: Magick++/demo/demos.tap 7
ok
PASS: Magick++/demo/demos.tap 8
ok
PASS: Magick++/demo/demos.tap 9
ok
PASS: Magick++/demo/demos.tap 10
ok
PASS: Magick++/demo/demos.tap 11
ok
PASS: Magick++/demo/demos.tap 12
ok
PASS: Magick++/demo/demos.tap 13
ok
PASS: Magick++/demo/demos.tap 14
ok
PASS: Magick++/demo/demos.tap 15
ok
PASS: Magick++/demo/demos.tap 16
ok
PASS: Magick++/demo/demos.tap 17
ok
PASS: Magick++/demo/demos.tap 18
ok
PASS: Magick++/demo/demos.tap 19
ok
PASS: Magick++/demo/demos.tap 20
ok
PASS: Magick++/demo/demos.tap 21
ok
PASS: Magick++/demo/demos.tap 22
ok
PASS: Magick++/demo/demos.tap 23
ok
PASS: Magick++/demo/demos.tap 24
